[    0.000000] Linux version 4.15.0-161-generic (buildd@lcy01-amd64-012) (gcc version 7.5.0 (Ubuntu 7.5.0-3ubuntu1~18.04)) #169-Ubuntu SMP Fri Oct 15 13:41:54 UTC 2021 (Ubuntu 4.15.0-161.169-generic 4.15.18)
[    0.000000] Command line: BOOT_IMAGE=/boot/vmlinuz-4.15.0-161-generic root=LABEL=cloudimg-rootfs ro console=tty1 console=ttyS0
[    0.000000] KERNEL supported cpus:
[    0.000000]   Intel GenuineIntel
[    0.000000]   AMD AuthenticAMD
[    0.000000]   Centaur CentaurHauls
[    0.000000] x86/fpu: Supporting XSAVE feature 0x001: 'x87 floating point registers'
[    0.000000] x86/fpu: Supporting XSAVE feature 0x002: 'SSE registers'
[    0.000000] x86/fpu: Supporting XSAVE feature 0x004: 'AVX registers'
[    0.000000] x86/fpu: xstate_offset[2]:  576, xstate_sizes[2]:  256
[    0.000000] x86/fpu: Enabled xstate features 0x7, context size is 832 bytes, using 'standard' format.
[    0.000000] e820: BIOS-provided physical RAM map:
[    0.000000] BIOS-e820: [mem 0x0000000000000000-0x000000000009fbff] usable
[    0.000000] BIOS-e820: [mem 0x000000000009fc00-0x000000000009ffff] reserved
[    0.000000] BIOS-e820: [mem 0x00000000000f0000-0x00000000000fffff] reserved
[    0.000000] BIOS-e820: [mem 0x0000000000100000-0x000000003ffeffff] usable
[    0.000000] BIOS-e820: [mem 0x000000003fff0000-0x000000003fffffff] ACPI data
[    0.000000] BIOS-e820: [mem 0x00000000fec00000-0x00000000fec00fff] reserved
[    0.000000] BIOS-e820: [mem 0x00000000fee00000-0x00000000fee00fff] reserved
[    0.000000] BIOS-e820: [mem 0x00000000fffc0000-0x00000000ffffffff] reserved
[    0.000000] NX (Execute Disable) protection: active
[    0.000000] SMBIOS 2.5 present.
[    0.000000] DMI: innotek GmbH VirtualBox/VirtualBox, BIOS VirtualBox 12/01/2006
[    0.000000] Hypervisor detected: KVM
[    0.000000] e820: last_pfn = 0x3fff0 max_arch_pfn = 0x400000000
[    0.000000] MTRR: Disabled
[    0.000000] x86/PAT: MTRRs disabled, skipping PAT initialization too.
[    0.000000] CPU MTRRs all blank - virtualized system.
[    0.000000] x86/PAT: Configuration [0-7]: WB  WT  UC- UC  WB  WT  UC- UC  
[    0.000000] found SMP MP-table at [mem 0x0009fff0-0x0009ffff]
[    0.000000] Scanning 1 areas for low memory corruption
[    0.000000] RAMDISK: [mem 0x35807000-0x36bfafff]
[    0.000000] ACPI: Early table checksum verification disabled
[    0.000000] ACPI: RSDP 0x00000000000E0000 000024 (v02 VBOX  )
[    0.000000] ACPI: XSDT 0x000000003FFF0030 00003C (v01 VBOX   VBOXXSDT 00000001 ASL  00000061)
[    0.000000] ACPI: FACP 0x000000003FFF00F0 0000F4 (v04 VBOX   VBOXFACP 00000001 ASL  00000061)
[    0.000000] ACPI: DSDT 0x000000003FFF0470 002325 (v02 VBOX   VBOXBIOS 00000002 INTL 20100528)
[    0.000000] ACPI: FACS 0x000000003FFF0200 000040
[    0.000000] ACPI: FACS 0x000000003FFF0200 000040
[    0.000000] ACPI: APIC 0x000000003FFF0240 000054 (v02 VBOX   VBOXAPIC 00000001 ASL  00000061)
[    0.000000] ACPI: SSDT 0x000000003FFF02A0 0001CC (v01 VBOX   VBOXCPUT 00000002 INTL 20100528)
[    0.000000] ACPI: Reserving FACP table memory at [mem 0x3fff00f0-0x3fff01e3]
[    0.000000] ACPI: Reserving DSDT table memory at [mem 0x3fff0470-0x3fff2794]
[    0.000000] ACPI: Reserving FACS table memory at [mem 0x3fff0200-0x3fff023f]
[    0.000000] ACPI: Reserving FACS table memory at [mem 0x3fff0200-0x3fff023f]
[    0.000000] ACPI: Reserving APIC table memory at [mem 0x3fff0240-0x3fff0293]
[    0.000000] ACPI: Reserving SSDT table memory at [mem 0x3fff02a0-0x3fff046b]
[    0.000000] No NUMA configuration found
[    0.000000] Faking a node at [mem 0x0000000000000000-0x000000003ffeffff]
[    0.000000] NODE_DATA(0) allocated [mem 0x3ffc5000-0x3ffeffff]
[    0.000000] kvm-clock: cpu 0, msr 0:3ff44001, primary cpu clock
[    0.000000] kvm-clock: Using msrs 4b564d01 and 4b564d00
[    0.000000] kvm-clock: using sched offset of 21404712579 cycles
[    0.000000] clocksource: kvm-clock: mask: 0xffffffffffffffff max_cycles: 0x1cd42e4dffb, max_idle_ns: 881590591483 ns
[    0.000000] Zone ranges:
[    0.000000]   DMA      [mem 0x0000000000001000-0x0000000000ffffff]
[    0.000000]   DMA32    [mem 0x0000000001000000-0x000000003ffeffff]
[    0.000000]   Normal   empty
[    0.000000]   Device   empty
[    0.000000] Movable zone start for each node
[    0.000000] Early memory node ranges
[    0.000000]   node   0: [mem 0x0000000000001000-0x000000000009efff]
[    0.000000]   node   0: [mem 0x0000000000100000-0x000000003ffeffff]
[    0.000000] Reserved but unavailable: 104 pages
[    0.000000] Initmem setup node 0 [mem 0x0000000000001000-0x000000003ffeffff]
[    0.000000] ACPI: PM-Timer IO Port: 0x4008
[    0.000000] IOAPIC[0]: apic_id 1, version 32, address 0xfec00000, GSI 0-23
[    0.000000] ACPI: INT_SRC_OVR (bus 0 bus_irq 0 global_irq 2 dfl dfl)
[    0.000000] ACPI: INT_SRC_OVR (bus 0 bus_irq 9 global_irq 9 low level)
[    0.000000] Using ACPI (MADT) for SMP configuration information
[    0.000000] smpboot: Allowing 1 CPUs, 0 hotplug CPUs
[    0.000000] PM: Registered nosave memory: [mem 0x00000000-0x00000fff]
[    0.000000] PM: Registered nosave memory: [mem 0x0009f000-0x0009ffff]
[    0.000000] PM: Registered nosave memory: [mem 0x000a0000-0x000effff]
[    0.000000] PM: Registered nosave memory: [mem 0x000f0000-0x000fffff]
[    0.000000] e820: [mem 0x40000000-0xfebfffff] available for PCI devices
[    0.000000] Booting paravirtualized kernel on KVM
[    0.000000] clocksource: refined-jiffies: mask: 0xffffffff max_cycles: 0xffffffff, max_idle_ns: 7645519600211568 ns
[    0.000000] random: get_random_bytes called from start_kernel+0x99/0x500 with crng_init=0
[    0.000000] setup_percpu: NR_CPUS:8192 nr_cpumask_bits:1 nr_cpu_ids:1 nr_node_ids:1
[    0.000000] percpu: Embedded 45 pages/cpu s147456 r8192 d28672 u2097152
[    0.000000] PV qspinlock hash table entries: 256 (order: 0, 4096 bytes)
[    0.000000] Built 1 zonelists, mobility grouping on.  Total pages: 257913
[    0.000000] Policy zone: DMA32
[    0.000000] Kernel command line: BOOT_IMAGE=/boot/vmlinuz-4.15.0-161-generic root=LABEL=cloudimg-rootfs ro console=tty1 console=ttyS0
[    0.000000] Memory: 981984K/1048120K available (12300K kernel code, 2483K rwdata, 4320K rodata, 2448K init, 2724K bss, 66136K reserved, 0K cma-reserved)
[    0.000000] SLUB: HWalign=64, Order=0-3, MinObjects=0, CPUs=1, Nodes=1
[    0.000000] Kernel/User page tables isolation: enabled
[    0.000000] ftrace: allocating 39475 entries in 155 pages
[    0.004000] Hierarchical RCU implementation.
[    0.004000] 	RCU restricting CPUs from NR_CPUS=8192 to nr_cpu_ids=1.
[    0.004000] 	Tasks RCU enabled.
[    0.004000] RCU: Adjusting geometry for rcu_fanout_leaf=16, nr_cpu_ids=1
[    0.004000] NR_IRQS: 524544, nr_irqs: 256, preallocated irqs: 16
[    0.004000] Console: colour VGA+ 80x25
[    0.004000] console [tty1] enabled
[    0.004000] console [ttyS0] enabled
[    0.004000] ACPI: Core revision 20170831
[    0.004000] ACPI: 2 ACPI AML tables successfully acquired and loaded
[    0.004000] APIC: Switch to symmetric I/O mode setup
[    0.004000] x2apic enabled
[    0.004000] Switched APIC routing to physical x2apic.
[    0.004000] ..TIMER: vector=0x30 apic1=0 pin1=2 apic2=-1 pin2=-1
[    0.004006] tsc: Detected 2399.996 MHz processor
[    0.008016] Calibrating delay loop (skipped) preset value.. 4799.99 BogoMIPS (lpj=9599984)
[    0.010616] pid_max: default: 32768 minimum: 301
[    0.012050] Security Framework initialized
[    0.013787] Yama: becoming mindful.
[    0.015324] AppArmor: AppArmor initialized
[    0.020031] Dentry cache hash table entries: 131072 (order: 8, 1048576 bytes)
[    0.022119] Inode-cache hash table entries: 65536 (order: 7, 524288 bytes)
[    0.024021] Mount-cache hash table entries: 2048 (order: 2, 16384 bytes)
[    0.025723] Mountpoint-cache hash table entries: 2048 (order: 2, 16384 bytes)
[    0.028410] process: using mwait in idle threads
[    0.029882] Last level iTLB entries: 4KB 64, 2MB 8, 4MB 8
[    0.031278] Last level dTLB entries: 4KB 64, 2MB 0, 4MB 0, 1GB 4
[    0.032005] Spectre V1 : Mitigation: usercopy/swapgs barriers and __user pointer sanitization
[    0.034187] Spectre V2 : Mitigation: Full generic retpoline
[    0.036003] Spectre V2 : Spectre v2 / SpectreRSB mitigation: Filling RSB on context switch
[    0.038290] Speculative Store Bypass: Vulnerable
[    0.040062] SRBDS: Unknown: Dependent on hypervisor status
[    0.041555] MDS: Mitigation: Clear CPU buffers
[    0.064015] Freeing SMP alternatives memory: 36K
[    0.176127] smpboot: CPU0: Intel(R) Core(TM) i5-6200U CPU @ 2.30GHz (family: 0x6, model: 0x4e, stepping: 0x3)
[    0.179880] Performance Events: unsupported p6 CPU model 78 no PMU driver, software events only.
[    0.180063] Hierarchical SRCU implementation.
[    0.184893] NMI watchdog: Perf event create on CPU 0 failed with -2
[    0.186820] NMI watchdog: Perf NMI watchdog permanently disabled
[    0.188075] smp: Bringing up secondary CPUs ...
[    0.189420] smp: Brought up 1 node, 1 CPU
[    0.190571] smpboot: Max logical packages: 1
[    0.191649] smpboot: Total of 1 processors activated (4799.99 BogoMIPS)
[    0.192277] devtmpfs: initialized
[    0.193593] x86/mm: Memory block size: 128MB
[    0.196285] evm: security.selinux
[    0.197472] evm: security.SMACK64
[    0.198622] evm: security.SMACK64EXEC
[    0.200010] evm: security.SMACK64TRANSMUTE
[    0.201347] evm: security.SMACK64MMAP
[    0.202616] evm: security.apparmor
[    0.204006] evm: security.ima
[    0.204856] evm: security.capability
[    0.206031] clocksource: jiffies: mask: 0xffffffff max_cycles: 0xffffffff, max_idle_ns: 7645041785100000 ns
[    0.208014] futex hash table entries: 256 (order: 2, 16384 bytes)
[    0.209580] pinctrl core: initialized pinctrl subsystem
[    0.210987] RTC time:  3:00:07, date: 10/29/21
[    0.212123] NET: Registered protocol family 16
[    0.213619] audit: initializing netlink subsys (disabled)
[    0.216229] cpuidle: using governor ladder
[    0.217449] cpuidle: using governor menu
[    0.218514] ACPI: bus type PCI registered
[    0.220006] acpiphp: ACPI Hot Plug PCI Controller Driver version: 0.5
[    0.221642] audit: type=2000 audit(1635476431.045:1): state=initialized audit_enabled=0 res=1
[    0.224158] PCI: Using configuration type 1 for base access
[    0.229522] HugeTLB registered 2.00 MiB page size, pre-allocated 0 pages
[    0.232253] ACPI: Added _OSI(Module Device)
[    0.236009] ACPI: Added _OSI(Processor Device)
[    0.237280] ACPI: Added _OSI(3.0 _SCP Extensions)
[    0.240006] ACPI: Added _OSI(Processor Aggregator Device)
[    0.241820] ACPI: Added _OSI(Linux-Dell-Video)
[    0.243472] ACPI: Added _OSI(Linux-Lenovo-NV-HDMI-Audio)
[    0.244035] ACPI: Added _OSI(Linux-HPI-Hybrid-Graphics)
[    0.245972] ACPI: Executed 1 blocks of module-level executable AML code
[    0.256358] ACPI: Interpreter enabled
[    0.258006] ACPI: (supports S0 S5)
[    0.259198] ACPI: Using IOAPIC for interrupt routing
[    0.260794] PCI: Using host bridge windows from ACPI; if necessary, use "pci=nocrs" and report a bug
[    0.264486] ACPI: Enabled 2 GPEs in block 00 to 07
[    0.277678] ACPI: PCI Root Bridge [PCI0] (domain 0000 [bus 00-ff])
[    0.279207] acpi PNP0A03:00: _OSC: OS supports [ASPM ClockPM Segments MSI]
[    0.280782] acpi PNP0A03:00: _OSC: not requesting OS control; OS requires [ExtendedConfig ASPM ClockPM MSI]
[    0.284017] acpi PNP0A03:00: fail to add MMCONFIG information, can't access extended PCI configuration space under this bridge.
[    0.288592] PCI host bridge to bus 0000:00
[    0.289745] pci_bus 0000:00: root bus resource [io  0x0000-0x0cf7 window]
[    0.291567] pci_bus 0000:00: root bus resource [io  0x0d00-0xffff window]
[    0.292009] pci_bus 0000:00: root bus resource [mem 0x000a0000-0x000bffff window]
[    0.294614] pci_bus 0000:00: root bus resource [mem 0x40000000-0xfdffffff window]
[    0.297964] pci_bus 0000:00: root bus resource [bus 00-ff]
[    0.302306] pci 0000:00:01.1: legacy IDE quirk: reg 0x10: [io  0x01f0-0x01f7]
[    0.304000] pci 0000:00:01.1: legacy IDE quirk: reg 0x14: [io  0x03f6]
[    0.304005] pci 0000:00:01.1: legacy IDE quirk: reg 0x18: [io  0x0170-0x0177]
[    0.308005] pci 0000:00:01.1: legacy IDE quirk: reg 0x1c: [io  0x0376]
[    0.329430] pci 0000:00:07.0: quirk: [io  0x4000-0x403f] claimed by PIIX4 ACPI
[    0.331305] pci 0000:00:07.0: quirk: [io  0x4100-0x410f] claimed by PIIX4 SMB
[    0.347793] ACPI: PCI Interrupt Link [LNKA] (IRQs 5 9 10 *11)
[    0.348476] ACPI: PCI Interrupt Link [LNKB] (IRQs 5 9 *10 11)
[    0.350237] ACPI: PCI Interrupt Link [LNKC] (IRQs 5 *9 10 11)
[    0.352176] ACPI: PCI Interrupt Link [LNKD] (IRQs 5 9 10 *11)
[    0.354030] SCSI subsystem initialized
[    0.355071] pci 0000:00:02.0: vgaarb: setting as boot VGA device
[    0.356000] pci 0000:00:02.0: vgaarb: VGA device added: decodes=io+mem,owns=io+mem,locks=none
[    0.356012] pci 0000:00:02.0: vgaarb: bridge control possible
[    0.357541] vgaarb: loaded
[    0.358296] ACPI: bus type USB registered
[    0.360058] usbcore: registered new interface driver usbfs
[    0.362414] usbcore: registered new interface driver hub
[    0.364021] usbcore: registered new device driver usb
[    0.365335] EDAC MC: Ver: 3.0.0
[    0.366942] PCI: Using ACPI for IRQ routing
[    0.368410] NetLabel: Initializing
[    0.369283] NetLabel:  domain hash size = 128
[    0.370711] NetLabel:  protocols = UNLABELED CIPSOv4 CALIPSO
[    0.372073] NetLabel:  unlabeled traffic allowed by default
[    0.373593] clocksource: Switched to clocksource kvm-clock
[    0.397501] VFS: Disk quotas dquot_6.6.0
[    0.398686] VFS: Dquot-cache hash table entries: 512 (order 0, 4096 bytes)
[    0.401225] AppArmor: AppArmor Filesystem Enabled
[    0.402887] pnp: PnP ACPI init
[    0.405261] pnp: PnP ACPI: found 3 devices
[    0.412387] clocksource: acpi_pm: mask: 0xffffff max_cycles: 0xffffff, max_idle_ns: 2085701024 ns
[    0.415744] NET: Registered protocol family 2
[    0.417278] IP idents hash table entries: 16384 (order: 5, 131072 bytes)
[    0.419129] TCP established hash table entries: 8192 (order: 4, 65536 bytes)
[    0.420967] TCP bind hash table entries: 8192 (order: 5, 131072 bytes)
[    0.422604] TCP: Hash tables configured (established 8192 bind 8192)
[    0.424292] UDP hash table entries: 512 (order: 2, 16384 bytes)
[    0.425752] UDP-Lite hash table entries: 512 (order: 2, 16384 bytes)
[    0.428460] NET: Registered protocol family 1
[    0.430272] pci 0000:00:00.0: Limiting direct PCI/PCI transfers
[    0.431760] pci 0000:00:01.0: Activating ISA DMA hang workarounds
[    0.433319] pci 0000:00:02.0: Video device with shadowed ROM at [mem 0x000c0000-0x000dffff]
[    0.435438] Unpacking initramfs...
[    0.919241] Freeing initrd memory: 20432K
[    0.922338] clocksource: tsc: mask: 0xffffffffffffffff max_cycles: 0x229833f6470, max_idle_ns: 440795327230 ns
[    0.926359] platform rtc_cmos: registered platform RTC device (no PNP device found)
[    0.929679] Scanning for low memory corruption every 60 seconds
[    0.932679] Initialise system trusted keyrings
[    0.934451] Key type blacklist registered
[    0.936149] workingset: timestamp_bits=36 max_order=18 bucket_order=0
[    0.939873] zbud: loaded
[    0.941736] squashfs: version 4.0 (2009/01/31) Phillip Lougher
[    0.943939] fuse init (API version 7.26)
[    0.946509] Key type asymmetric registered
[    0.948390] Asymmetric key parser 'x509' registered
[    0.950385] Block layer SCSI generic (bsg) driver version 0.4 loaded (major 246)
[    0.953127] io scheduler noop registered
[    0.955187] io scheduler deadline registered
[    0.956697] io scheduler cfq registered (default)
[    0.958516] ACPI: AC Adapter [AC] (on-line)
[    0.959913] input: Power Button as /devices/LNXSYSTM:00/LNXPWRBN:00/input/input0
[    0.963922] ACPI: Power Button [PWRF]
[    0.965538] input: Sleep Button as /devices/LNXSYSTM:00/LNXSLPBN:00/input/input1
[    0.968734] ACPI: Sleep Button [SLPF]
[    0.971525] ACPI: Battery Slot [BAT0] (battery present)
[    0.973877] Serial: 8250/16550 driver, 32 ports, IRQ sharing enabled
[    0.997790] 00:02: ttyS0 at I/O 0x3f8 (irq = 4, base_baud = 115200) is a 16550A
[    1.002522] Linux agpgart interface v0.103
[    1.005806] loop: module loaded
[    1.007995] scsi host0: ata_piix
[    1.009285] scsi host1: ata_piix
[    1.010459] ata1: PATA max UDMA/33 cmd 0x1f0 ctl 0x3f6 bmdma 0xd000 irq 14
[    1.012895] ata2: PATA max UDMA/33 cmd 0x170 ctl 0x376 bmdma 0xd008 irq 15
[    1.016219] libphy: Fixed MDIO Bus: probed
[    1.017814] tun: Universal TUN/TAP device driver, 1.6
[    1.019524] PPP generic driver version 2.4.2
[    1.021180] ehci_hcd: USB 2.0 'Enhanced' Host Controller (EHCI) Driver
[    1.023312] ehci-pci: EHCI PCI platform driver
[    1.024813] ehci-platform: EHCI generic platform driver
[    1.026594] ohci_hcd: USB 1.1 'Open' Host Controller (OHCI) Driver
[    1.030607] ohci-pci: OHCI PCI platform driver
[    1.031990] ohci-platform: OHCI generic platform driver
[    1.033871] uhci_hcd: USB Universal Host Controller Interface driver
[    1.035888] i8042: PNP: PS/2 Controller [PNP0303:PS2K,PNP0f03:PS2M] at 0x60,0x64 irq 1,12
[    1.039358] serio: i8042 KBD port at 0x60,0x64 irq 1
[    1.041388] serio: i8042 AUX port at 0x60,0x64 irq 12
[    1.043465] mousedev: PS/2 mouse device common for all mice
[    1.046143] input: AT Translated Set 2 keyboard as /devices/platform/i8042/serio0/input/input2
[    1.050241] rtc_cmos rtc_cmos: rtc core: registered rtc_cmos as rtc0
[    1.051789] rtc_cmos rtc_cmos: alarms up to one day, 114 bytes nvram
[    1.053457] i2c /dev entries driver
[    1.054665] device-mapper: uevent: version 1.0.3
[    1.056302] device-mapper: ioctl: 4.37.0-ioctl (2017-09-20) initialised: dm-devel@redhat.com
[    1.059494] ledtrig-cpu: registered to indicate activity on CPUs
[    1.062230] intel_pmc_core:  initialized
[    1.063828] NET: Registered protocol family 10
[    1.070078] Segment Routing with IPv6
[    1.071053] NET: Registered protocol family 17
[    1.072080] Key type dns_resolver registered
[    1.073383] mce: Using 0 MCE banks
[    1.074244] RAS: Correctable Errors collector initialized.
[    1.075552] sched_clock: Marking stable (1073249793, 0)->(1388585074, -315335281)
[    1.077670] registered taskstats version 1
[    1.078671] Loading compiled-in X.509 certificates
[    1.082299] Loaded X.509 cert 'Build time autogenerated kernel key: 1542c441293f32312405dc023a70312e7f0d3f0a'
[    1.085323] Loaded X.509 cert 'Canonical Ltd. Live Patch Signing: 14df34d1a87cf37625abec039ef2bf521249b969'
[    1.088275] Loaded X.509 cert 'Canonical Ltd. Kernel Module Signing: 88f752e560a1e0737e31163a466ad7b70a850c19'
[    1.090560] zswap: loaded using pool lzo/zbud
[    1.095782] Key type big_key registered
[    1.097399] Key type trusted registered
[    1.100797] Key type encrypted registered
[    1.102441] AppArmor: AppArmor sha1 policy hashing enabled
[    1.104153] ima: No TPM chip found, activating TPM-bypass! (rc=-19)
[    1.105842] ima: Allocated hash algorithm: sha1
[    1.107653] evm: HMAC attrs: 0x1
[    1.109426]   Magic number: 9:481:8
[    1.110927] rtc_cmos rtc_cmos: setting system clock to 2021-10-29 03:00:08 UTC (1635476408)
[    1.113597] BIOS EDD facility v0.16 2004-Jun-25, 0 devices found
[    1.115017] EDD information not available.
[    1.200445] Freeing unused kernel image memory: 2448K
[    1.208939] Write protecting the kernel read-only data: 20480k
[    1.215205] Freeing unused kernel image memory: 2008K
[    1.220784] Freeing unused kernel image memory: 1824K
[    1.246614] x86/mm: Checked W+X mappings: passed, no W+X pages found.
[    1.249561] x86/mm: Checking user space page tables
[    1.262042] x86/mm: Checked W+X mappings: passed, no W+X pages found.
Loading, please wait...
starting version 237
[    1.445610] e1000: Intel(R) PRO/1000 Network Driver - version 7.3.21-k8-NAPI
[    1.447769] e1000: Copyright (c) 1999-2006 Intel Corporation.
[    1.453965] Fusion MPT base driver 3.04.20
[    1.455313] Copyright (c) 1999-2008 LSI Corporation
[    1.485960] Fusion MPT SPI Host driver 3.04.20
[    1.520233] mptbase: ioc0: Initiating bringup
[    1.532404] AVX2 version of gcm_enc/dec engaged.
[    1.533872] AES CTR mode by8 optimization enabled
[    1.582116] vboxvideo: loading out-of-tree module taints kernel.
[    1.583892] vboxvideo: module verification failed: signature and/or required key missing - tainting kernel
[    1.603011] vboxvideo: loading version 6.1.26 r145957
[    1.617120] ioc0: LSI53C1030 A0: Capabilities={Initiator}
[    1.667258] input: ImExPS/2 Generic Explorer Mouse as /devices/platform/i8042/serio1/input/input4
[    1.862184] scsi host2: ioc0: LSI53C1030 A0, FwRev=00000000h, Ports=1, MaxQ=256, IRQ=20
[    2.034701] scsi 2:0:0:0: Direct-Access     VBOX     HARDDISK         1.0  PQ: 0 ANSI: 5
[    2.038568] scsi target2:0:0: Beginning Domain Validation
[    2.041646] random: fast init done
[    2.043197] scsi target2:0:0: Domain Validation skipping write tests
[    2.046300] scsi target2:0:0: Ending Domain Validation
[    2.048724] scsi target2:0:0: asynchronous
[    2.051066] scsi 2:0:1:0: Direct-Access     VBOX     HARDDISK         1.0  PQ: 0 ANSI: 5
[    2.054460] scsi target2:0:1: Beginning Domain Validation
[    2.057691] scsi target2:0:1: Domain Validation skipping write tests
[    2.060446] scsi target2:0:1: Ending Domain Validation
[    2.062682] scsi target2:0:1: asynchronous
[    2.084950] sd 2:0:0:0: Attached scsi generic sg0 type 0
[    2.087117] sd 2:0:0:0: [sda] 83886080 512-byte logical blocks: (42.9 GB/40.0 GiB)
[    2.090846] random: systemd-udevd: uninitialized urandom read (16 bytes read)
[    2.094114] sd 2:0:0:0: [sda] Write Protect is off
[    2.096839] sd 2:0:1:0: [sdb] 20480 512-byte logical blocks: (10.5 MB/10.0 MiB)
[    2.099769] sd 2:0:1:0: [sdb] Write Protect is off
[    2.101793] sd 2:0:1:0: Attached scsi generic sg1 type 0
[    2.104155] sd 2:0:0:0: [sda] Incomplete mode parameter data
[    2.106446] sd 2:0:0:0: [sda] Assuming drive cache: write through
[    2.109114] random: systemd-udevd: uninitialized urandom read (16 bytes read)
[    2.117635] sd 2:0:1:0: [sdb] Incomplete mode parameter data
[    2.121414] sd 2:0:1:0: [sdb] Assuming drive cache: write through
[    2.130893] random: systemd-udevd: uninitialized urandom read (16 bytes read)
[    2.162398]  sda: sda1
[    2.164211] sd 2:0:0:0: [sda] Attached SCSI disk
[    2.233305] sd 2:0:1:0: [sdb] Attached SCSI disk
[    2.558026] e1000 0000:00:03.0 eth0: (PCI:33MHz:32-bit) 02:46:cc:43:d1:b8
[    2.560695] e1000 0000:00:03.0 eth0: Intel(R) PRO/1000 Network Connection
[    2.565671] [drm] VRAM 01000000
[    2.567305] [TTM] Zone  kernel: Available graphics memory: 504366 kiB
[    2.570397] [TTM] Initializing pool allocator
[    2.572069] [TTM] Initializing DMA pool allocator
[    2.576998] fbcon: vboxdrmfb (fb0) is primary device
[    2.580807] Console: switching to colour frame buffer device 100x37
[    2.586180] vboxvideo 0000:00:02.0: fb0: vboxdrmfb frame buffer device
[    2.587937] [drm] Initialized vboxvideo 1.0.0 20130823 for 0000:00:02.0 on minor 0
[    3.035614] e1000 0000:00:08.0 eth1: (PCI:33MHz:32-bit) 08:00:27:bb:60:19
[    3.037917] e1000 0000:00:08.0 eth1: Intel(R) PRO/1000 Network Connection
[    3.041934] e1000 0000:00:08.0 enp0s8: renamed from eth1
[    3.045283] e1000 0000:00:03.0 enp0s3: renamed from eth0
Begin: Loading essential drivers ... [    3.324088] raid6: sse2x1   gen()  5274 MB/s
[    3.372061] raid6: sse2x1   xor()  5282 MB/s
[    3.420055] raid6: sse2x2   gen()  9321 MB/s
[    3.468066] raid6: sse2x2   xor()  6322 MB/s
[    3.516097] raid6: sse2x4   gen() 11038 MB/s
[    3.564046] raid6: sse2x4   xor()  6818 MB/s
[    3.612064] raid6: avx2x1   gen() 15377 MB/s
[    3.660046] raid6: avx2x1   xor() 10415 MB/s
[    3.708081] raid6: avx2x2   gen() 18698 MB/s
[    3.756071] raid6: avx2x2   xor() 11813 MB/s
[    3.804089] raid6: avx2x4   gen() 20757 MB/s
[    3.852039] raid6: avx2x4   xor() 10319 MB/s
[    3.853257] raid6: using algorithm avx2x4 gen() 20757 MB/s
[    3.854617] raid6: .... xor() 10319 MB/s, rmw enabled
[    3.856217] raid6: using avx2x2 recovery algorithm
[    3.860314] xor: automatically using best checksumming function   avx       
[    3.866522] async_tx: api initialized (async)
done.
Begin: Running /scripts/init-premount ... done.
Begin: Mounting root file system ... Begin: Running /scripts/local-top ... done.
Begin: Running /scripts/local-premount ... [    3.956103] Btrfs loaded, crc32c=crc32c-intel
Scanning for Btrfs filesystems
done.
Begin: Will now check root file system ... fsck from util-linux 2.31.1
[/sbin/fsck.ext4 (1) -- /dev/sda1] fsck.ext4 -a -C0 /dev/sda1 
cloudimg-rootfs: recovering journal
[    6.258823] random: crng init done
[    6.259934] random: 7 urandom warning(s) missed due to ratelimiting
cloudimg-rootfs: clean, 148873/5120000 files, 1309104/10485499 blocks
done.
[    7.746253] EXT4-fs (sda1): mounted filesystem with ordered data mode. Opts: (null)
done.
Begin: Running /scripts/local-bottom ... done.
Begin: Running /scripts/init-bottom ... done.
[   13.575050] ip_tables: (C) 2000-2006 Netfilter Core Team
[   13.838089] systemd[1]: systemd 237 running in system mode. (+PAM +AUDIT +SELINUX +IMA +APPARMOR +SMACK +SYSVINIT +UTMP +LIBCRYPTSETUP +GCRYPT +GNUTLS +ACL +XZ +LZ4 +SECCOMP +BLKID +ELFUTILS +KMOD -IDN2 +IDN -PCRE2 default-hierarchy=hybrid)
[   13.847307] systemd[1]: Detected virtualization oracle.
[   13.849574] systemd[1]: Detected architecture x86-64.

Welcome to [1mUbuntu 18.04.6 LTS[0m!

[   13.939780] systemd[1]: Set hostname to <clienteUbuntu2>.
[   19.521893] systemd[1]: Reached target Swap.
[[0;32m  OK  [0m] Reached target Swap.
[   19.524981] systemd[1]: Reached target System Time Synchronized.
[[0;32m  OK  [0m] Reached target System Time Synchronized.
[   19.529412] systemd[1]: Started Forward Password Requests to Wall Directory Watch.
[[0;32m  OK  [0m] Started Forward Password Requests to Wall Directory Watch.
[   19.537871] systemd[1]: Created slice System Slice.
[[0;32m  OK  [0m] Created slice System Slice.
[   19.552681] systemd[1]: Created slice system-serial\x2dgetty.slice.
[[0;32m  OK  [0m] Created slice system-serial\x2dgetty.slice.
[   19.557520] systemd[1]: Listening on LVM2 poll daemon socket.
[[0;32m  OK  [0m] Listening on LVM2 poll daemon socket.
[   19.561968] systemd[1]: Listening on udev Kernel Socket.
[[0;32m  OK  [0m] Listening on udev Kernel Socket.
[   19.565905] systemd[1]: Listening on LVM2 metadata daemon socket.
[[0;32m  OK  [0m] Listening on LVM2 metadata daemon socket.
[   19.570525] systemd[1]: Listening on Device-mapper event daemon FIFOs.
[[0;32m  OK  [0m] Listening on Device-mapper event daemon FIFOs.
[   19.575458] systemd[1]: Listening on Journal Socket.
[[0;32m  OK  [0m] Listening on Journal Socket.
         Starting Create list of required st…ce nodes for the current kernel...
         Mounting Kernel Debug File System...
         Starting Set the console keyboard layout...
         Mounting POSIX Message Queue File System...
[[0;32m  OK  [0m] Listening on Journal Socket (/dev/log).
[[0;32m  OK  [0m] Listening on fsck to fsckd communication Socket.
         Starting Uncomplicated firewall...
         Starting Monitoring of LVM2 mirrors…ng dmeventd or progress polling...
[[0;32m  OK  [0m] Listening on Journal Audit Socket.
[[0;32m  OK  [0m] Set up automount Arbitrary Executab…rmats File System Automount Point.
         Mounting Huge Pages File System...
[[0;32m  OK  [0m] Reached target User and Group Name Lookups.
[[0;32m  OK  [0m] Listening on Network Service Netlink Socket.
[[0;32m  OK  [0m] Listening on /dev/initctl Compatibility Named Pipe.
[[0;32m  OK  [0m] Listening on udev Control Socket.
         Starting udev Coldplug all Devices...
         Starting Remount Root and Kernel File Systems...
[[0;32m  OK  [0m] Listening on Syslog Socket.
         Starting Journal Service...
[[0;32m  OK  [0m] Created slice User and Session Slice.
[[0;32m  OK  [0m] Reached target Slices.
         Starting Load Kernel Modules...
[[0;32m  OK  [0m] Started Journal Service.
[[0;32m  OK  [0m] Started Create list of required sta…vice nodes for the current kernel.
[[0;32m  OK  [0m] Mounted Kernel Debug File System.
[[0;32m  OK  [0m] Mounted POSIX Message Queue File System.
[[0;32m  OK  [0m] Started Uncomplicated firewall.
[[0;32m  OK  [0m] Mounted Huge Pages File System.
         Starting Create Static Device Nodes in /dev...
[[0;32m  OK  [0m] Started udev Coldplug all Devices.
         Starting udev Wait for Complete Device Initialization...[   20.347220] EXT4-fs (sda1): re-mounted. Opts: (null)

[[0;32m  OK  [0m] Started Remount Root and Kernel File Systems.
         Starting Load/Save Random Seed...
         Starting Flush Journal to Persistent Storage...
[[0;32m  OK  [0m] Started Set the console keyboard layout.
[[0;32m  OK  [0m] Started Load/Save Random Seed.
[   20.823242] Loading iSCSI transport class v2.0-870.
[[0;32m  OK  [0m] Started LVM2 metadata daemon.
[   20.946496] systemd-journald[428]: Received request to flush runtime journal from PID 1
[   20.975070] iscsi: registered transport (tcp)
[   21.418104] iscsi: registered transport (iser)
[[0;32m  OK  [0m] Started Load Kernel Modules.
         Starting Apply Kernel Variables...
         Mounting Kernel Configuration File System...
         Mounting FUSE Control File System...
[[0;32m  OK  [0m] Mounted Kernel Configuration File System.
[[0;32m  OK  [0m] Mounted FUSE Control File System.
[[0;32m  OK  [0m] Started Monitoring of LVM2 mirrors,…sing dmeventd or progress polling.
[[0;32m  OK  [0m] Started Create Static Device Nodes in /dev.
[[0;32m  OK  [0m] Reached target Local File Systems (Pre).
         Starting udev Kernel Device Manager...
[[0;32m  OK  [0m] Started Apply Kernel Variables.
[[0;32m  OK  [0m] Started udev Kernel Device Manager.
[[0;32m  OK  [0m] Started Dispatch Password Requests to Console Directory Watch.
[[0;32m  OK  [0m] Reached target Local Encrypted Volumes.
[[0;32m  OK  [0m] Started Flush Journal to Persistent Storage.
[[0;32m  OK  [0m] Found device /dev/ttyS0.
[[0;32m  OK  [0m] Listening on Load/Save RF Kill Switch Status /dev/rfkill Watch.
[[0;32m  OK  [0m] Started udev Wait for Complete Device Initialization.
         Starting Install ZFS kernel module...
[[0;32m  OK  [0m] Started Install ZFS kernel module.
[[0;32m  OK  [0m] Reached target ZFS pool import target.
         Starting Mount ZFS filesystems...
[[0;32m  OK  [0m] Started Mount ZFS filesystems.
         Mounting Mount unit for snapd, revision 13640...
         Mounting Mount unit for lxd, revision 21780...
[[0;32m  OK  [0m] Reached target Local File Systems.
         Starting ebtables ruleset management...
         Starting AppArmor initialization...
         Starting Tell Plymouth To Write Out Runtime Data...
         Starting Set console font and keymap...
         Starting Create Volatile Files and Directories...
         Mounting Mount unit for core20, revision 1169...
[[0;32m  OK  [0m] Started Set console font and keymap.
[[0;32m  OK  [0m] Mounted Mount unit for snapd, revision 13640.
[[0;32m  OK  [0m] Mounted Mount unit for lxd, revision 21780.
[[0;32m  OK  [0m] Started Tell Plymouth To Write Out Runtime Data.
[[0;32m  OK  [0m] Mounted Mount unit for core20, revision 1169.
[[0;32m  OK  [0m] Started Create Volatile Files and Directories.
         Starting Update UTMP about System Boot/Shutdown...
[[0;32m  OK  [0m] Started ebtables ruleset management.
[[0;32m  OK  [0m] Started Update UTMP about System Boot/Shutdown.
[[0;32m  OK  [0m] Started AppArmor initialization.
         Starting Load AppArmor profiles managed internally by snapd...
         Starting Initial cloud-init job (pre-networking)...
[[0;32m  OK  [0m] Started Load AppArmor profiles managed internally by snapd.
[   42.793731] cloud-init[803]: Cloud-init v. 21.3-1-g6803368d-0ubuntu1~18.04.4 running 'init-local' at Fri, 29 Oct 2021 03:00:49 +0000. Up 41.90 seconds.
[[0;32m  OK  [0m] Started Initial cloud-init job (pre-networking).
[[0;32m  OK  [0m] Reached target Network (Pre).
         Starting Network Service...
[[0;32m  OK  [0m] Started Network Service.
         Starting Wait for Network to be Configured...
         Starting Network Name Resolution...
[[0;32m  OK  [0m] Started Network Name Resolution.
[[0;32m  OK  [0m] Reached target Host and Network Name Lookups.
[[0;32m  OK  [0m] Reached target Network.
[[0;32m  OK  [0m] Started Wait for Network to be Configured.
         Starting Initial cloud-init job (metadata service crawler)...
[   46.032250] cloud-init[924]: Cloud-init v. 21.3-1-g6803368d-0ubuntu1~18.04.4 running 'init' at Fri, 29 Oct 2021 03:00:53 +0000. Up 45.69 seconds.
[   46.034354] cloud-init[924]: ci-info: ++++++++++++++++++++++++++++++++++++++Net device info+++++++++++++++++++++++++++++++++++++++
[   46.036169] cloud-init[924]: ci-info: +--------+------+-----------------------------+---------------+--------+-------------------+
[   46.041697] cloud-init[924]: ci-info: | Device |  Up  |           Address           |      Mask     | Scope  |     Hw-Address    |
[   46.043341] cloud-init[924]: ci-info: +--------+------+-----------------------------+---------------+--------+-------------------+
[   46.056273] cloud-init[924]: ci-info: | enp0s3 | True |          10.0.2.15          | 255.255.255.0 | global | 02:46:cc:43:d1:b8 |
[   46.058287] cloud-init[924]: ci-info: | enp0s3 | True |  fe80::46:ccff:fe43:d1b8/64 |       .       |  link  | 02:46:cc:43:d1:b8 |
[   46.069279] cloud-init[924]: ci-info: | enp0s8 | True |        172.42.42.103        | 255.255.255.0 | global | 08:00:27:bb:60:19 |
[   46.080213] cloud-init[924]: ci-info: | enp0s8 | True | fe80::a00:27ff:febb:6019/64 |       .       |  link  | 08:00:27:bb:60:19 |
[   46.084197] cloud-init[924]: ci-info: |   lo   | True |          127.0.0.1          |   255.0.0.0   |  host  |         .         |
[   46.089273] cloud-init[924]: ci-info: |   lo   | True |           ::1/128           |       .       |  host  |         .         |
[   46.091775] cloud-init[924]: ci-info: +--------+------+-----------------------------+---------------+--------+-------------------+
[   46.094121] cloud-init[924]: ci-info: ++++++++++++++++++++++++++++Route IPv4 info+++++++++++++++++++++++++++++
[   46.096085] cloud-init[924]: ci-info: +-------+-------------+----------+-----------------+-----------+-------+
[   46.108612] cloud-init[924]: ci-info: | Route | Destination | Gateway  |     Genmask     | Interface | Flags |
[   46.111053] cloud-init[924]: ci-info: +-------+-------------+----------+-----------------+-----------+-------+
[   46.125008] cloud-init[924]: ci-info: |   0   |   0.0.0.0   | 10.0.2.2 |     0.0.0.0     |   enp0s3  |   UG  |
[   46.137008] cloud-init[924]: ci-info: |   1   |   10.0.2.0  | 0.0.0.0  |  255.255.255.0  |   enp0s3  |   U   |
[   46.148629] cloud-init[924]: ci-info: |   2   |   10.0.2.2  | 0.0.0.0  | 255.255.255.255 |   enp0s3  |   UH  |
[   46.150237] cloud-init[924]: ci-info: |   3   | 172.42.42.0 | 0.0.0.0  |  255.255.255.0  |   enp0s8  |   U   |
[   46.151518] cloud-init[924]: ci-info: +-------+-------------+----------+-----------------+-----------+-------+
[   46.164521] cloud-init[924]: ci-info: +++++++++++++++++++Route IPv6 info+++++++++++++++++++
[   46.166049] cloud-init[924]: ci-info: +-------+-------------+---------+-----------+-------+
[   46.169034] cloud-init[924]: ci-info: | Route | Destination | Gateway | Interface | Flags |
[   46.169938] cloud-init[924]: ci-info: +-------+-------------+---------+-----------+-------+
[   46.170705] cloud-init[924]: ci-info: |   1   |  fe80::/64  |    ::   |   enp0s8  |   U   |
[   46.171796] cloud-init[924]: ci-info: |   2   |  fe80::/64  |    ::   |   enp0s3  |   U   |
[   46.187002] cloud-init[924]: ci-info: |   4   |    local    |    ::   |   enp0s3  |   U   |
[   46.191601] cloud-init[924]: ci-info: |   5   |    local    |    ::   |   enp0s8  |   U   |
[   46.204523] cloud-init[924]: ci-info: |   6   |   ff00::/8  |    ::   |   enp0s8  |   U   |
[   46.207386] cloud-init[924]: ci-info: |   7   |   ff00::/8  |    ::   |   enp0s3  |   U   |
[   46.213865] cloud-init[924]: ci-info: +-------+-------------+---------+-----------+-------+
[[0;32m  OK  [0m] Started Initial cloud-init job (metadata service crawler).
[[0;32m  OK  [0m] Reached target Cloud-config availability.
[[0;32m  OK  [0m] Reached target Network is Online.
[[0;32m  OK  [0m] Reached target Remote File Systems (Pre).
         Starting Availability of block devices...
         Mounting /vagrant...
[[0;32m  OK  [0m] Reached target System Initialization.
         Starting Socket activation for snappy daemon.
[[0;32m  OK  [0m] Listening on cloud-init hotplug hook socket.
[[0;32m  OK  [0m] Started Message of the Day.
[[0;32m  OK  [0m] Listening on Socket unix for snap application lxd.daemon.
[[0;32m  OK  [0m] Listening on UUID daemon activation socket.
[[0;32m  OK  [0m] Started ACPI Events Check.
[[0;32m  OK  [0m] Reached target Paths.
[[0;32m  OK  [0m] Started Ubuntu Advantage update messaging.
[[0;32m  OK  [0m] Started Discard unused blocks once a week.
[[0;32m  OK  [0m] Started Daily apt download activities.
[[0;32m  OK  [0m] Started Daily apt upgrade and clean activities.
[[0;32m  OK  [0m] Listening on D-Bus System Message Bus Socket.
[[0;32m  OK  [0m] Listening on Open-iSCSI iscsid Socket.
[[0;32m  OK  [0m] Listening on ACPID Listen Socket.
[[0;32m  OK  [0m] Started Daily Cleanup of Temporary Directories.
[[0;32m  OK  [0m] Reached target Timers.
[[0;32m  OK  [0m] Started Availability of block devices.
[[0;1;31mFAILED[0m] Failed to mount /vagrant.
See 'systemctl status vagrant.mount' for details.
[[0;1;33mDEPEND[0m] Dependency failed for Remote File Systems.
[[0;32m  OK  [0m] Listening on Socket activation for snappy daemon.
[[0;32m  OK  [0m] Reached target Sockets.
[[0;32m  OK  [0m] Reached target Basic System.
[[0;32m  OK  [0m] Started Deferred execution scheduler.
         Starting Message of the Day...
         Starting System Logging Service...
[[0;32m  OK  [0m] Started D-Bus System Message Bus.
         Starting Login Service...
[[0;32m  OK  [0m] Started irqbalance daemon.
[[0;32m  OK  [0m] Started ZFS Event Daemon (zed).
         Starting ZFS file system shares...
         Starting vboxadd.service...
         Starting Accounts Service...
         Starting Dispatcher daemon for systemd-networkd...
[[0;32m  OK  [0m] Started FUSE filesystem for LXC.
         Starting OpenBSD Secure Shell server...
[[0;32m  OK  [0m] Started Regular background program processing daemon.
         Starting LSB: Record successful boot for GRUB...
         Starting Service for snap application lxd.activate...
         Starting Snap Daemon...
         Starting LSB: automatic crash report generation...
         Starting Permit User Sessions...
[[0;32m  OK  [0m] Started System Logging Service.
[[0;32m  OK  [0m] Started Login Service.
[[0;32m  OK  [0m] Started Unattended Upgrades Shutdown.
[[0;32m  OK  [0m] Started ZFS file system shares.
[[0;32m  OK  [0m] Reached target ZFS startup target.
[[0;32m  OK  [0m] Started Permit User Sessions.
         Starting Terminate Plymouth Boot Screen...
         Starting Hold until boot process finishes up...
[[0;32m  OK  [0m] Started Hold until boot process finishes up.
[[0;32m  OK  [0m] Started Serial Getty on ttyS0.
         Starting Set console scheme...
[[0;32m  OK  [0m] Started Terminate Plymouth Boot Screen.
[[0;32m  OK  [0m] Started Set console scheme.
[[0;32m  OK  [0m] Created slice system-getty.slice.
[[0;32m  OK  [0m] Started Getty on tty1.
[[0;32m  OK  [0m] Reached target Login Prompts.
[[0;32m  OK  [0m] Started LSB: Record successful boot for GRUB.
[[0;32m  OK  [0m] Started LSB: automatic crash report generation.
         Starting Authorization Manager...
[[0;32m  OK  [0m] Started Authorization Manager.
[[0;32m  OK  [0m] Started Accounts Service.
[[0;32m  OK  [0m] Started OpenBSD Secure Shell server.

Ubuntu 18.04.6 LTS clienteUbuntu2 ttyS0

clienteUbuntu2 login: [   73.245876] cloud-init[1748]: Cloud-init v. 21.3-1-g6803368d-0ubuntu1~18.04.4 running 'modules:config' at Fri, 29 Oct 2021 03:01:19 +0000. Up 72.14 seconds.
[   97.224852] cloud-init[2715]: Cloud-init v. 21.3-1-g6803368d-0ubuntu1~18.04.4 running 'modules:final' at Fri, 29 Oct 2021 03:01:43 +0000. Up 95.99 seconds.
[   97.227682] cloud-init[2715]: Cloud-init v. 21.3-1-g6803368d-0ubuntu1~18.04.4 finished at Fri, 29 Oct 2021 03:01:44 +0000. Datasource DataSourceNoCloud [seed=/dev/sdb][dsmode=net].  Up 97.20 seconds[[0;32[[0;32m  OK  [0m] Stopped Unattended Upgrades Shutdown.
         Stopping Service for snap application lxd.daemon...
         Unmounting /vagrant...
         Stopping Session 6 of user vagrant.
[[0;32m  OK  [0m] Stopped target Cloud-init target.
[[0;32m  OK  [0m] Stopped Execute cloud user/final scripts.
[[0;32m  OK  [0m] Stopped Apply the settings specified in cloud-config.
[[0;32m  OK  [0m] Stopped target Cloud-config availability.
[[0;32m  OK  [0m] Stopped target Timers.
[[0;32m  OK  [0m] Stopped Message of the Day.
         Stopping User Manager for UID 1000...
[[0;32m  OK  [0m] Stopped target Graphical Interface.
         Stopping Accounts Service...
         Stopping Availability of block devices...
[[0;32m  OK  [0m] Closed Load/Save RF Kill Switch Status /dev/rfkill Watch.
[[0;32m  OK  [0m] Stopped target Host and Network Name Lookups.
         Stopping Authorization Manager...
[[0;32m  OK  [0m] Stopped Ubuntu Advantage update messaging.
[[0;32m  OK  [0m] Stopped target Multi-User System.
         Stopping FUSE filesystem for LXC...
         Stopping D-Bus System Message Bus...
         Stopping LSB: automatic crash report generation...
         Stopping OpenBSD Secure Shell server...
         Stopping vboxadd-service.service...
         Stopping Regular background program processing daemon...
[[0;32m  OK  [0m] Stopped target ZFS startup target.
[[0;32m  OK  [0m] Stopped target ZFS pool import target.
[[0;32m  OK  [0m] Stopped ZFS file system shares.
         Stopping ZFS Event Daemon (zed)...
         Stopping LSB: Record successful boot for GRUB...
         Stopping Deferred execution scheduler...
         Stopping System Logging Service...
         Stopping Dispatcher daemon for systemd-networkd...
[[0;32m  OK  [0m] Stopped Daily Cleanup of Temporary Directories.
[[0;32m  OK  [0m] Stopped Discard unused blocks once a week.
[[0;32m  OK  [0m] Stopped target Login Prompts.
         Stopping Serial Getty on ttyS0...
         Stopping Getty on tty1...
[[0;32m  OK  [0m] Stopped Wait until snapd is fully seeded.
         Stopping Snap Daemon...
[[0;32m  OK  [0m] Stopped Daily apt upgrade and clean activities.
[[0;32m  OK  [0m] Stopped Daily apt download activities.
[[0;32m  OK  [0m] Stopped target System Time Synchronized.
[[0;32m  OK  [0m] Unmounted /var/lib/lxcfs.
[[0;32m  OK  [0m] Stopped Dispatcher daemon for systemd-networkd.
[[0;32m  OK  [0m] Stopped Regular background program processing daemon.
[[0;32m  OK  [0m] Stopped System Logging Service.
[[0;32m  OK  [0m] Stopped Snap Daemon.
[[0;32m  OK  [0m] Stopped Deferred execution scheduler.
[[0;32m  OK  [0m] Stopped ZFS Event Daemon (zed).
[[0;32m  OK  [0m] Stopped Accounts Service.
[[0;32m  OK  [0m] Stopped Serial Getty on ttyS0.
[[0;32m  OK  [0m] Stopped Getty on tty1.
[[0;32m  OK  [0m] Stopped Authorization Manager.
[[0;32m  OK  [0m] Stopped OpenBSD Secure Shell server.
[[0;32m  OK  [0m] Stopped User Manager for UID 1000.
[[0;32m  OK  [0m] Unmounted /vagrant.
[[0;32m  OK  [0m] Stopped D-Bus System Message Bus.
[[0;32m  OK  [0m] Stopped FUSE filesystem for LXC.
[[0;32m  OK  [0m] Stopped Session 6 of user vagrant.
[[0;32m  OK  [0m] Stopped target Network is Online.
[[0;32m  OK  [0m] Stopped target Remote File Systems (Pre).
[[0;32m  OK  [0m] Removed slice User Slice of vagrant.
         Stopping Login Service...
[[0;32m  OK  [0m] Removed slice system-getty.slice.
[[0;32m  OK  [0m] Removed slice system-serial\x2dgetty.slice.
         Stopping Permit User Sessions...
         Unmounting Mount unit for snapd, revision 13640...
         Unmounting Mount unit for core20, revision 1169...
[[0;32m  OK  [0m] Stopped Login Service.
[[0;32m  OK  [0m] Unmounted Mount unit for snapd, revision 13640.
[[0;32m  OK  [0m] Unmounted Mount unit for core20, revision 1169.
[[0;32m  OK  [0m] Stopped Availability of block devices.
[[0;32m  OK  [0m] Stopped Permit User Sessions.
[[0;32m  OK  [0m] Stopped target User and Group Name Lookups.
[[0;32m  OK  [0m] Stopped vboxadd-service.service.
         Stopping vboxadd.service...
[[0;32m  OK  [0m] Stopped LSB: Record successful boot for GRUB.
[[0;32m  OK  [0m] Stopped LSB: automatic crash report generation.
[[0;32m  OK  [0m] Stopped vboxadd.service.
[    [0;31m*[0;1;31m*[0m] A stop job is running for Service f…pplication lxd.daemon (6s / 10min)[K[     [0;31m*[0m] A stop job is running for Service f…pplication lxd.daemon (6s / 10min)[K[    [0;31m*[0;1;31m*[0m] A stop job is running for Service f…pplication lxd.daemon (7s / 10min)[K[   [0;31m*[0;1;31m*[0m[0;31m*[0m] A stop job is running for Service f…pplication lxd.daemon (7s / 10min)[K[  [0;31m*[0;1;31m*[0m[0;31m* [0m] A stop job is running for Service f…pplication lxd.daemon (8s / 10min)[K[ [0;31m*[0;1;31m*[0m[0;31m*  [0m] A stop job is running for Service f…pplication lxd.daemon (8s / 10min)[K[[0;31m*[0;1;31m*[0m[0;31m*   [0m] A stop job is running for Service f…pplication lxd.daemon (9s / 10min)[K[[0;1;31m*[0m[0;31m*    [0m] A stop job is running for Service f…pplication lxd.daemon (9s / 10min)[K[[0m[0;31m*     [0m] A stop job is running for Service f…plication lxd.daemon (10s / 10min)[K[[0;1;31m*[0m[0;31m*    [0m] A stop job is running for Service f…plication lxd.daemon (10s / 10min)[K[[0;31m*[0;1;31m*[0m[0;31m*   [0m] A stop job is running for Service f…plication lxd.daemon (11s / 10min)[K[[0;32m  OK  [0m] Unmounted /var/snap/lxd/common/ns/mntns.
[[0;32m  OK  [0m] Unmounted /var/snap/lxd/common/ns/shmounts.
[[0;32m  OK  [0m] Unmounted /var/snap/lxd/common/ns.
[[0;32m  OK  [0m] Stopped Service for snap application lxd.daemon.
[[0;32m  OK  [0m] Stopped target Network.
         Stopping Network Name Resolution...
[[0;32m  OK  [0m] Stopped target Basic System.
[[0;32m  OK  [0m] Stopped target Sockets.
[[0;32m  OK  [0m] Closed cloud-init hotplug hook socket.
[[0;32m  OK  [0m] Closed D-Bus System Message Bus Socket.
[[0;32m  OK  [0m] Closed Open-iSCSI iscsid Socket.
[[0;32m  OK  [0m] Closed ACPID Listen Socket.
[[0;32m  OK  [0m] Closed Syslog Socket.
[[0;32m  OK  [0m] Closed Socket activation for snappy daemon.
[[0;32m  OK  [0m] Closed UUID daemon activation socket.
[[0;32m  OK  [0m] Stopped target Slices.
[[0;32m  OK  [0m] Removed slice User and Session Slice.
[[0;32m  OK  [0m] Stopped target Paths.
[[0;32m  OK  [0m] Stopped ACPI Events Check.
[[0;32m  OK  [0m] Closed Socket unix for snap application lxd.daemon.
[[0;32m  OK  [0m] Stopped target System Initialization.
[[0;32m  OK  [0m] Stopped Initial cloud-init job (metadata service crawler).
         Stopping Load/Save Random Seed...
         Stopping Update UTMP about System Boot/Shutdown...
[[0;32m  OK  [0m] Stopped target Local Encrypted Volumes.
[[0;32m  OK  [0m] Stopped Dispatch Password Requests to Console Directory Watch.
[[0;32m  OK  [0m] Stopped Forward Password Requests to Wall Directory Watch.
         Unmounting Mount unit for lxd, revision 21780...
[[0;32m  OK  [0m] Stopped Network Name Resolution.
[[0;32m  OK  [0m] Unmounted Mount unit for lxd, revision 21780.
[[0;32m  OK  [0m] Stopped Update UTMP about System Boot/Shutdown.
[[0;32m  OK  [0m] Stopped Create Volatile Files and Directories.
[[0;32m  OK  [0m] Stopped target Local File Systems.
         Unmounting /run/user/1000...
         Unmounting /run/snapd/ns/lxd.mnt...
         Stopping Network Service...
[[0;32m  OK  [0m] Stopped Load/Save Random Seed.
[[0;32m  OK  [0m] Unmounted /run/user/1000.
[[0;32m  OK  [0m] Unmounted /run/snapd/ns/lxd.mnt.
[[0;32m  OK  [0m] Stopped Network Service.
[[0;32m  OK  [0m] Stopped target Network (Pre).
[[0;32m  OK  [0m] Stopped Initial cloud-init job (pre-networking).
[[0;32m  OK  [0m] Stopped Apply Kernel Variables.
[[0;32m  OK  [0m] Stopped Load Kernel Modules.
         Unmounting /run/snapd/ns...
[[0;32m  OK  [0m] Unmounted /run/snapd/ns.
[[0;32m  OK  [0m] Reached target Unmount All Filesystems.
[[0;32m  OK  [0m] Stopped target Swap.
[[0;32m  OK  [0m] Stopped target Local File Systems (Pre).
[[0;32m  OK  [0m] Stopped Remount Root and Kernel File Systems.
         Stopping Monitoring of LVM2 mirrors…ng dmeventd or progress polling...
[[0;32m  OK  [0m] Stopped Create Static Device Nodes in /dev.
[[0;32m  OK  [0m] Reached target Shutdown.
[[0;32m  OK  [0m] Reached target Final Step.
         Starting Power-Off...
[ 1356.644832] reboot: Power down
